Added Component: Designator=Arduino Mega(ARDUINO MEGA)
Added Component: Designator=IC1(7SEG_MPX3)
Added Component: Designator=J1(Header_Duc Cong_3P 2.54)
Added Component: Designator=JDC(DC-IN)
Added Component: Designator=LED1(LED 5mm DO)
Added Component: Designator=LED2(LED 5mm DO)
Added Component: Designator=LED3(LED 5mm DO)
Added Component: Designator=LED4(LED 5mm DO)
Added Component: Designator=LED5(LED 5mm DO)
Added Component: Designator=LED6(LED 5mm DO)
Added Component: Designator=LED7(5621AS_Lib)
Added Component: Designator=LS1(SP1)
Added Component: Designator=Q1(QTO-92)
Added Component: Designator=Q2(QTO-92)
Added Component: Designator=Q3(QTO-92)
Added Component: Designator=Q4(QTO-92)
Added Component: Designator=Q5(QTO-92)
Added Component: Designator=R1(tro vach 1/4w)
Added Component: Designator=R2(tro vach 1/4w)
Added Component: Designator=R3(tro vach 1/4w)
Added Component: Designator=R4(tro vach 1/4w)
Added Component: Designator=R5(tro vach 1/4w)
Added Component: Designator=R6(tro vach 1/4w)
Added Component: Designator=R7(tro vach 1/4w)
Added Component: Designator=R8(tro vach 1/4w)
Added Component: Designator=R9(tro vach 1/4w)
Added Component: Designator=R10(tro vach 1/4w)
Added Component: Designator=R11(tro vach 1/4w)
Added Component: Designator=R12(tro vach 1/4w)
Added Component: Designator=R13(tro vach 1/4w)
Added Component: Designator=R14(tro vach 1/4w)
Added Component: Designator=R15(tro vach 1/4w)
Added Component: Designator=R16(tro vach 1/4w)
Added Component: Designator=R17(tro vach 1/4w)
Added Component: Designator=R18(tro vach 1/4w)
Added Component: Designator=R19(tro vach 1/4w)
Added Component: Designator=R20(tro vach 1/4w)
Added Component: Designator=R21(tro vach 1/4w)
Added Component: Designator=R22(tro vach 1/4w)
Added Component: Designator=SW1(SW2)
Added Component: Designator=SW2(SW2)
Added Component: Designator=SW3(SW2)
Added Component: Designator=SW4(SW2)
Added Component: Designator=SW5(SW2)
Added Component: Designator=SW6(SW2)
Added Component: Designator=SW7(SW2)
Added Component: Designator=SW8(SW2)
Added Component: Designator=SW9(SW2)
Added Component: Designator=U1(DIP16/W0.3)
Added Component: Designator=U2(DIP16/W0.3)
Added Pin To Net: NetName=5V Pin=Arduino Mega-59
Added Pin To Net: NetName=5V Pin=J1-1
Added Pin To Net: NetName=5V Pin=JDC-1
Added Pin To Net: NetName=5V Pin=U1-10
Added Pin To Net: NetName=5V Pin=U1-16
Added Pin To Net: NetName=5V Pin=U2-10
Added Pin To Net: NetName=5V Pin=U2-16
Added Net: Name=5V
Added Pin To Net: NetName=A Pin=IC1-11
Added Pin To Net: NetName=A Pin=LED7-10
Added Pin To Net: NetName=A Pin=R7-2
Added Net: Name=A
Added Pin To Net: NetName=B Pin=IC1-7
Added Pin To Net: NetName=B Pin=LED7-9
Added Pin To Net: NetName=B Pin=R8-2
Added Net: Name=B
Added Pin To Net: NetName=BUZZER Pin=Arduino Mega-44
Added Pin To Net: NetName=BUZZER Pin=R22-1
Added Net: Name=BUZZER
Added Pin To Net: NetName=C1 Pin=Arduino Mega-31
Added Pin To Net: NetName=C1 Pin=R15-1
Added Pin To Net: NetName=C1 Pin=SW1-2
Added Pin To Net: NetName=C1 Pin=SW3-2
Added Pin To Net: NetName=C1 Pin=SW5-2
Added Pin To Net: NetName=C1 Pin=SW7-2
Added Net: Name=C1
Added Pin To Net: NetName=C2 Pin=Arduino Mega-33
Added Pin To Net: NetName=C2 Pin=R16-1
Added Pin To Net: NetName=C2 Pin=SW2-2
Added Pin To Net: NetName=C2 Pin=SW4-2
Added Pin To Net: NetName=C2 Pin=SW6-2
Added Pin To Net: NetName=C2 Pin=SW8-2
Added Net: Name=C2
Added Pin To Net: NetName=C Pin=IC1-4
Added Pin To Net: NetName=C Pin=LED7-1
Added Pin To Net: NetName=C Pin=R9-2
Added Net: Name=C
Added Pin To Net: NetName=DE_RE Pin=Arduino Mega-10
Added Net: Name=DE_RE
Added Pin To Net: NetName=DI1 Pin=IC1-12
Added Pin To Net: NetName=DI1 Pin=Q1-2
Added Net: Name=DI1
Added Pin To Net: NetName=DI2 Pin=IC1-9
Added Pin To Net: NetName=DI2 Pin=Q2-2
Added Net: Name=DI2
Added Pin To Net: NetName=DI3 Pin=IC1-8
Added Pin To Net: NetName=DI3 Pin=Q3-2
Added Net: Name=DI3
Added Pin To Net: NetName=DIGIT1 Pin=LED7-8
Added Pin To Net: NetName=DIGIT1 Pin=Q4-2
Added Net: Name=DIGIT1
Added Pin To Net: NetName=DIGIT2 Pin=LED7-7
Added Pin To Net: NetName=DIGIT2 Pin=Q5-2
Added Net: Name=DIGIT2
Added Pin To Net: NetName=DIO2 Pin=Arduino Mega-13
Added Pin To Net: NetName=DIO2 Pin=U1-14
Added Net: Name=DIO2
Added Pin To Net: NetName=DIO Pin=Arduino Mega-2
Added Pin To Net: NetName=DIO Pin=U2-14
Added Net: Name=DIO
Added Pin To Net: NetName=DP Pin=IC1-3
Added Pin To Net: NetName=DP Pin=LED7-2
Added Net: Name=DP
Added Pin To Net: NetName=DS18B20 Pin=Arduino Mega-45
Added Pin To Net: NetName=DS18B20 Pin=J1-2
Added Net: Name=DS18B20
Added Pin To Net: NetName=D Pin=IC1-2
Added Pin To Net: NetName=D Pin=LED7-4
Added Pin To Net: NetName=D Pin=R10-2
Added Net: Name=D
Added Pin To Net: NetName=E Pin=IC1-1
Added Pin To Net: NetName=E Pin=LED7-3
Added Pin To Net: NetName=E Pin=R11-2
Added Net: Name=E
Added Pin To Net: NetName=F Pin=IC1-10
Added Pin To Net: NetName=F Pin=LED7-6
Added Pin To Net: NetName=F Pin=R12-2
Added Net: Name=F
Added Pin To Net: NetName=GND Pin=Arduino Mega-57
Added Pin To Net: NetName=GND Pin=Arduino Mega-58
Added Pin To Net: NetName=GND Pin=J1-3
Added Pin To Net: NetName=GND Pin=JDC-2
Added Pin To Net: NetName=GND Pin=LED1-2
Added Pin To Net: NetName=GND Pin=LED2-2
Added Pin To Net: NetName=GND Pin=LED3-2
Added Pin To Net: NetName=GND Pin=LED4-2
Added Pin To Net: NetName=GND Pin=LED5-2
Added Pin To Net: NetName=GND Pin=LED6-2
Added Pin To Net: NetName=GND Pin=LS1-2
Added Pin To Net: NetName=GND Pin=Q1-3
Added Pin To Net: NetName=GND Pin=Q2-3
Added Pin To Net: NetName=GND Pin=Q3-3
Added Pin To Net: NetName=GND Pin=Q4-3
Added Pin To Net: NetName=GND Pin=Q5-3
Added Pin To Net: NetName=GND Pin=R15-2
Added Pin To Net: NetName=GND Pin=R16-2
Added Pin To Net: NetName=GND Pin=SW9-1
Added Pin To Net: NetName=GND Pin=U1-8
Added Pin To Net: NetName=GND Pin=U1-13
Added Pin To Net: NetName=GND Pin=U2-8
Added Pin To Net: NetName=GND Pin=U2-13
Added Net: Name=GND
Added Pin To Net: NetName=G Pin=IC1-5
Added Pin To Net: NetName=G Pin=LED7-5
Added Pin To Net: NetName=G Pin=R13-2
Added Net: Name=G
Added Pin To Net: NetName=H Pin=R14-2
Added Net: Name=H
Added Pin To Net: NetName=NetArduino Mega_54 Pin=Arduino Mega-54
Added Pin To Net: NetName=NetArduino Mega_54 Pin=SW9-2
Added Net: Name=NetArduino Mega_54
Added Pin To Net: NetName=NetLS1_1 Pin=LS1-1
Added Pin To Net: NetName=NetLS1_1 Pin=R22-2
Added Net: Name=NetLS1_1
Added Pin To Net: NetName=NetQ1_1 Pin=Q1-1
Added Pin To Net: NetName=NetQ1_1 Pin=R17-2
Added Net: Name=NetQ1_1
Added Pin To Net: NetName=NetQ2_1 Pin=Q2-1
Added Pin To Net: NetName=NetQ2_1 Pin=R18-2
Added Net: Name=NetQ2_1
Added Pin To Net: NetName=NetQ3_1 Pin=Q3-1
Added Pin To Net: NetName=NetQ3_1 Pin=R19-2
Added Net: Name=NetQ3_1
Added Pin To Net: NetName=NetQ4_1 Pin=Q4-1
Added Pin To Net: NetName=NetQ4_1 Pin=R20-2
Added Net: Name=NetQ4_1
Added Pin To Net: NetName=NetQ5_1 Pin=Q5-1
Added Pin To Net: NetName=NetQ5_1 Pin=R21-2
Added Net: Name=NetQ5_1
Added Pin To Net: NetName=NetR1_1 Pin=R1-1
Added Pin To Net: NetName=NetR1_1 Pin=U1-15
Added Net: Name=NetR1_1
Added Pin To Net: NetName=NetR2_1 Pin=R2-1
Added Pin To Net: NetName=NetR2_1 Pin=U1-1
Added Net: Name=NetR2_1
Added Pin To Net: NetName=NetR3_1 Pin=R3-1
Added Pin To Net: NetName=NetR3_1 Pin=U1-2
Added Net: Name=NetR3_1
Added Pin To Net: NetName=NetR4_1 Pin=R4-1
Added Pin To Net: NetName=NetR4_1 Pin=U1-3
Added Net: Name=NetR4_1
Added Pin To Net: NetName=NetR5_1 Pin=R5-1
Added Pin To Net: NetName=NetR5_1 Pin=U1-4
Added Net: Name=NetR5_1
Added Pin To Net: NetName=NetR6_1 Pin=R6-1
Added Pin To Net: NetName=NetR6_1 Pin=U1-5
Added Net: Name=NetR6_1
Added Pin To Net: NetName=NetR7_1 Pin=R7-1
Added Pin To Net: NetName=NetR7_1 Pin=U2-15
Added Net: Name=NetR7_1
Added Pin To Net: NetName=NetR8_1 Pin=R8-1
Added Pin To Net: NetName=NetR8_1 Pin=U2-1
Added Net: Name=NetR8_1
Added Pin To Net: NetName=NetR9_1 Pin=R9-1
Added Pin To Net: NetName=NetR9_1 Pin=U2-2
Added Net: Name=NetR9_1
Added Pin To Net: NetName=NetR10_1 Pin=R10-1
Added Pin To Net: NetName=NetR10_1 Pin=U2-3
Added Net: Name=NetR10_1
Added Pin To Net: NetName=NetR11_1 Pin=R11-1
Added Pin To Net: NetName=NetR11_1 Pin=U2-4
Added Net: Name=NetR11_1
Added Pin To Net: NetName=NetR12_1 Pin=R12-1
Added Pin To Net: NetName=NetR12_1 Pin=U2-5
Added Net: Name=NetR12_1
Added Pin To Net: NetName=NetR13_1 Pin=R13-1
Added Pin To Net: NetName=NetR13_1 Pin=U2-6
Added Net: Name=NetR13_1
Added Pin To Net: NetName=NetR14_1 Pin=R14-1
Added Pin To Net: NetName=NetR14_1 Pin=U2-7
Added Net: Name=NetR14_1
Added Pin To Net: NetName=OFF Pin=LED5-1
Added Pin To Net: NetName=OFF Pin=R3-2
Added Net: Name=OFF
Added Pin To Net: NetName=ON_OFF Pin=LED6-1
Added Pin To Net: NetName=ON_OFF Pin=R6-2
Added Net: Name=ON_OFF
Added Pin To Net: NetName=R1 Pin=Arduino Mega-23
Added Pin To Net: NetName=R1 Pin=SW7-1
Added Pin To Net: NetName=R1 Pin=SW8-1
Added Net: Name=R1
Added Pin To Net: NetName=R2 Pin=Arduino Mega-25
Added Pin To Net: NetName=R2 Pin=SW5-1
Added Pin To Net: NetName=R2 Pin=SW6-1
Added Net: Name=R2
Added Pin To Net: NetName=R3 Pin=Arduino Mega-27
Added Pin To Net: NetName=R3 Pin=SW3-1
Added Pin To Net: NetName=R3 Pin=SW4-1
Added Net: Name=R3
Added Pin To Net: NetName=R4 Pin=Arduino Mega-29
Added Pin To Net: NetName=R4 Pin=SW1-1
Added Pin To Net: NetName=R4 Pin=SW2-1
Added Net: Name=R4
Added Pin To Net: NetName=RCLK2 Pin=Arduino Mega-11
Added Pin To Net: NetName=RCLK2 Pin=U1-12
Added Net: Name=RCLK2
Added Pin To Net: NetName=RCLK Pin=Arduino Mega-3
Added Pin To Net: NetName=RCLK Pin=U2-12
Added Net: Name=RCLK
Added Pin To Net: NetName=RX Pin=Arduino Mega-0
Added Net: Name=RX
Added Pin To Net: NetName=SCLK2 Pin=Arduino Mega-12
Added Pin To Net: NetName=SCLK2 Pin=U1-11
Added Net: Name=SCLK2
Added Pin To Net: NetName=SCLK Pin=Arduino Mega-4
Added Pin To Net: NetName=SCLK Pin=U2-11
Added Net: Name=SCLK
Added Pin To Net: NetName=START Pin=LED2-1
Added Pin To Net: NetName=START Pin=R4-2
Added Net: Name=START
Added Pin To Net: NetName=STOP Pin=LED4-1
Added Pin To Net: NetName=STOP Pin=R5-2
Added Net: Name=STOP
Added Pin To Net: NetName=TE1 Pin=Arduino Mega-7
Added Pin To Net: NetName=TE1 Pin=R17-1
Added Net: Name=TE1
Added Pin To Net: NetName=TE2 Pin=Arduino Mega-8
Added Pin To Net: NetName=TE2 Pin=R18-1
Added Net: Name=TE2
Added Pin To Net: NetName=TE3 Pin=Arduino Mega-9
Added Pin To Net: NetName=TE3 Pin=R19-1
Added Net: Name=TE3
Added Pin To Net: NetName=TEMP Pin=LED1-1
Added Pin To Net: NetName=TEMP Pin=R1-2
Added Net: Name=TEMP
Added Pin To Net: NetName=TI1 Pin=Arduino Mega-5
Added Pin To Net: NetName=TI1 Pin=R20-1
Added Net: Name=TI1
Added Pin To Net: NetName=TI2 Pin=Arduino Mega-6
Added Pin To Net: NetName=TI2 Pin=R21-1
Added Net: Name=TI2
Added Pin To Net: NetName=TIME Pin=LED3-1
Added Pin To Net: NetName=TIME Pin=R2-2
Added Net: Name=TIME
Added Pin To Net: NetName=TX Pin=Arduino Mega-1
Added Net: Name=TX
Added Class: Name=Steamer_SCH
Added Room: Name=Steamer_SCH
