Added Component: Designator=JDC(DC-IN)
Added Component: Designator=U1(DIP16/W0.3)
Added Component: Designator=U2(DIP16/W0.3)
Added Pin To Net: NetName=5V Pin=JDC-1
Added Pin To Net: NetName=GND Pin=JDC-2
Added Pin To Net: NetName=NetR2_1 Pin=U1-1
Added Pin To Net: NetName=NetR3_1 Pin=U1-2
Added Pin To Net: NetName=NetR4_1 Pin=U1-3
Added Pin To Net: NetName=NetR5_1 Pin=U1-4
Added Pin To Net: NetName=NetR6_1 Pin=U1-5
Added Pin To Net: NetName=GND Pin=U1-8
Added Pin To Net: NetName=5V Pin=U1-10
Added Pin To Net: NetName=SCLK2 Pin=U1-11
Added Pin To Net: NetName=RCLK2 Pin=U1-12
Added Pin To Net: NetName=GND Pin=U1-13
Added Pin To Net: NetName=DIO2 Pin=U1-14
Added Pin To Net: NetName=NetR1_1 Pin=U1-15
Added Pin To Net: NetName=5V Pin=U1-16
Added Pin To Net: NetName=NetR8_1 Pin=U2-1
Added Pin To Net: NetName=NetR9_1 Pin=U2-2
Added Pin To Net: NetName=NetR10_1 Pin=U2-3
Added Pin To Net: NetName=NetR11_1 Pin=U2-4
Added Pin To Net: NetName=NetR12_1 Pin=U2-5
Added Pin To Net: NetName=NetR13_1 Pin=U2-6
Added Pin To Net: NetName=NetR14_1 Pin=U2-7
Added Pin To Net: NetName=GND Pin=U2-8
Added Pin To Net: NetName=5V Pin=U2-10
Added Pin To Net: NetName=SCLK Pin=U2-11
Added Pin To Net: NetName=RCLK Pin=U2-12
Added Pin To Net: NetName=GND Pin=U2-13
Added Pin To Net: NetName=DIO Pin=U2-14
Added Pin To Net: NetName=NetR7_1 Pin=U2-15
Added Pin To Net: NetName=5V Pin=U2-16
Added Member To Class: ClassName=SCH_SteamShower Member=Component JDC Jack DC5.5x2.1
Added Member To Class: ClassName=SCH_SteamShower Member=Component U1 74HC595
Added Member To Class: ClassName=SCH_SteamShower Member=Component U2 74HC595
