Removed Pin From Net: NetName=R1 Pin=SW1-1
Removed Pin From Net: NetName=R1 Pin=SW2-1
Removed Pin From Net: NetName=R2 Pin=SW3-1
Removed Pin From Net: NetName=R2 Pin=SW4-1
Removed Pin From Net: NetName=R3 Pin=SW5-1
Removed Pin From Net: NetName=R3 Pin=SW6-1
Removed Pin From Net: NetName=R4 Pin=SW7-1
Removed Pin From Net: NetName=R4 Pin=SW8-1
Change Component Description : Designator=JDC Old Description=C?m New Description=C?m
Change Component Description : Designator=LED1 Old Description=C?m New Description=C?m
Change Component Description : Designator=LED2 Old Description=C?m New Description=C?m
Change Component Description : Designator=LED3 Old Description=C?m New Description=C?m
Change Component Description : Designator=LED4 Old Description=C?m New Description=C?m
Change Component Description : Designator=LED5 Old Description=C?m New Description=C?m
Change Component Description : Designator=LED6 Old Description=C?m New Description=C?m
Change Component Description : Designator=R1 Old Description=C?m New Description=C?m
Change Component Description : Designator=R2 Old Description=C?m New Description=C?m
Change Component Description : Designator=R3 Old Description=C?m New Description=C?m
Change Component Description : Designator=R4 Old Description=C?m New Description=C?m
Change Component Description : Designator=R5 Old Description=C?m New Description=C?m
Change Component Description : Designator=R6 Old Description=C?m New Description=C?m
Change Component Description : Designator=R7 Old Description=C?m New Description=C?m
Change Component Description : Designator=R8 Old Description=C?m New Description=C?m
Change Component Description : Designator=R9 Old Description=C?m New Description=C?m
Change Component Description : Designator=R10 Old Description=C?m New Description=C?m
Change Component Description : Designator=R11 Old Description=C?m New Description=C?m
Change Component Description : Designator=R12 Old Description=C?m New Description=C?m
Change Component Description : Designator=R13 Old Description=C?m New Description=C?m
Change Component Description : Designator=R14 Old Description=C?m New Description=C?m
Change Component Description : Designator=R17 Old Description=C?m New Description=C?m
Change Component Description : Designator=R18 Old Description=C?m New Description=C?m
Change Component Description : Designator=R19 Old Description=C?m New Description=C?m
Change Component Description : Designator=R20 Old Description=C?m New Description=C?m
Change Component Description : Designator=R21 Old Description=C?m New Description=C?m
Change Component Description : Designator=SW1 Old Description=C?m New Description=C?m
Change Component Description : Designator=SW2 Old Description=C?m New Description=C?m
Change Component Description : Designator=SW3 Old Description=C?m New Description=C?m
Change Component Description : Designator=SW4 Old Description=C?m New Description=C?m
Change Component Description : Designator=SW5 Old Description=C?m New Description=C?m
Change Component Description : Designator=SW6 Old Description=C?m New Description=C?m
Change Component Description : Designator=SW7 Old Description=C?m New Description=C?m
Change Component Description : Designator=SW8 Old Description=C?m New Description=C?m
Change Component Description : Designator=R15 Old Description=Cam New Description=Cam
Change Component Description : Designator=R16 Old Description=Cam New Description=Cam
Added Pin To Net: NetName=RX Pin=MAX1-1
Added Pin To Net: NetName=TX Pin=MAX1-4
Added Pin To Net: NetName=R4 Pin=SW1-1
Added Pin To Net: NetName=R4 Pin=SW2-1
Added Pin To Net: NetName=R3 Pin=SW3-1
Added Pin To Net: NetName=R3 Pin=SW4-1
Added Pin To Net: NetName=R2 Pin=SW5-1
Added Pin To Net: NetName=R2 Pin=SW6-1
Added Pin To Net: NetName=R1 Pin=SW7-1
Added Pin To Net: NetName=R1 Pin=SW8-1
