Added Component: Designator=A1(ARDUINO_A000066)
Added Component: Designator=IC1(7SEG_MPX3)
Added Component: Designator=LED1(LED 5mm DO)
Added Component: Designator=LED2(LED 5mm DO)
Added Component: Designator=LED3(LED 5mm DO)
Added Component: Designator=LED4(LED 5mm DO)
Added Component: Designator=LED5(LED 5mm DO)
Added Component: Designator=LED6(LED 5mm DO)
Added Component: Designator=MAX1(MAX485_Module)
Added Component: Designator=R1(tro vach 1/4w)
Added Component: Designator=R2(tro vach 1/4w)
Added Component: Designator=R3(tro vach 1/4w)
Added Component: Designator=R4(tro vach 1/4w)
Added Component: Designator=R5(tro vach 1/4w)
Added Component: Designator=R6(tro vach 1/4w)
Added Component: Designator=R7(tro vach 1/4w)
Added Component: Designator=R8(tro vach 1/4w)
Added Component: Designator=R9(tro vach 1/4w)
Added Component: Designator=R10(tro vach 1/4w)
Added Component: Designator=R11(tro vach 1/4w)
Added Component: Designator=R12(tro vach 1/4w)
Added Component: Designator=R13(tro vach 1/4w)
Added Component: Designator=R14(tro vach 1/4w)
Added Component: Designator=R15(tro vach 1/4w)
Added Component: Designator=R16(tro vach 1/4w)
Added Component: Designator=SW1(SW2)
Added Component: Designator=SW2(SW2)
Added Component: Designator=SW3(SW2)
Added Component: Designator=SW4(SW2)
Added Component: Designator=SW5(SW2)
Added Component: Designator=SW6(SW2)
Added Component: Designator=SW7(SW2)
Added Component: Designator=SW8(SW2)
Added Pin To Net: NetName=5V Pin=A1-VIN
Added Net: Name=5V
Added Pin To Net: NetName=A Pin=IC1-11
Added Pin To Net: NetName=A Pin=R7-2
Added Net: Name=A
Added Pin To Net: NetName=B Pin=IC1-7
Added Pin To Net: NetName=B Pin=R8-2
Added Net: Name=B
Added Pin To Net: NetName=C1 Pin=A1-A4
Added Pin To Net: NetName=C1 Pin=R15-1
Added Pin To Net: NetName=C1 Pin=SW1-2
Added Pin To Net: NetName=C1 Pin=SW3-2
Added Pin To Net: NetName=C1 Pin=SW5-2
Added Pin To Net: NetName=C1 Pin=SW7-2
Added Net: Name=C1
Added Pin To Net: NetName=C2 Pin=A1-A5
Added Pin To Net: NetName=C2 Pin=R16-1
Added Pin To Net: NetName=C2 Pin=SW2-2
Added Pin To Net: NetName=C2 Pin=SW4-2
Added Pin To Net: NetName=C2 Pin=SW6-2
Added Pin To Net: NetName=C2 Pin=SW8-2
Added Net: Name=C2
Added Pin To Net: NetName=C Pin=IC1-4
Added Pin To Net: NetName=C Pin=R9-2
Added Net: Name=C
Added Pin To Net: NetName=DE_RE Pin=A1-D10
Added Net: Name=DE_RE
Added Pin To Net: NetName=DIO2 Pin=A1-D13
Added Net: Name=DIO2
Added Pin To Net: NetName=DIO Pin=A1-D2
Added Net: Name=DIO
Added Pin To Net: NetName=DP Pin=IC1-3
Added Net: Name=DP
Added Pin To Net: NetName=D Pin=IC1-2
Added Pin To Net: NetName=D Pin=R10-2
Added Net: Name=D
Added Pin To Net: NetName=E Pin=IC1-1
Added Pin To Net: NetName=E Pin=R11-2
Added Net: Name=E
Added Pin To Net: NetName=F Pin=IC1-10
Added Pin To Net: NetName=F Pin=R12-2
Added Net: Name=F
Added Pin To Net: NetName=GND Pin=A1-GND_1
Added Pin To Net: NetName=GND Pin=LED1-2
Added Pin To Net: NetName=GND Pin=LED2-2
Added Pin To Net: NetName=GND Pin=LED3-2
Added Pin To Net: NetName=GND Pin=LED4-2
Added Pin To Net: NetName=GND Pin=LED5-2
Added Pin To Net: NetName=GND Pin=LED6-2
Added Pin To Net: NetName=GND Pin=R15-2
Added Pin To Net: NetName=GND Pin=R16-2
Added Net: Name=GND
Added Pin To Net: NetName=G Pin=IC1-5
Added Pin To Net: NetName=G Pin=R13-2
Added Net: Name=G
Added Pin To Net: NetName=H Pin=R14-2
Added Net: Name=H
Added Pin To Net: NetName=NetR1_1 Pin=R1-1
Added Net: Name=NetR1_1
Added Pin To Net: NetName=NetR2_1 Pin=R2-1
Added Net: Name=NetR2_1
Added Pin To Net: NetName=NetR3_1 Pin=R3-1
Added Net: Name=NetR3_1
Added Pin To Net: NetName=NetR4_1 Pin=R4-1
Added Net: Name=NetR4_1
Added Pin To Net: NetName=NetR5_1 Pin=R5-1
Added Net: Name=NetR5_1
Added Pin To Net: NetName=NetR6_1 Pin=R6-1
Added Net: Name=NetR6_1
Added Pin To Net: NetName=NetR7_1 Pin=R7-1
Added Net: Name=NetR7_1
Added Pin To Net: NetName=NetR8_1 Pin=R8-1
Added Net: Name=NetR8_1
Added Pin To Net: NetName=NetR9_1 Pin=R9-1
Added Net: Name=NetR9_1
Added Pin To Net: NetName=NetR10_1 Pin=R10-1
Added Net: Name=NetR10_1
Added Pin To Net: NetName=NetR11_1 Pin=R11-1
Added Net: Name=NetR11_1
Added Pin To Net: NetName=NetR12_1 Pin=R12-1
Added Net: Name=NetR12_1
Added Pin To Net: NetName=NetR13_1 Pin=R13-1
Added Net: Name=NetR13_1
Added Pin To Net: NetName=NetR14_1 Pin=R14-1
Added Net: Name=NetR14_1
Added Pin To Net: NetName=OFF Pin=LED5-1
Added Pin To Net: NetName=OFF Pin=R3-2
Added Net: Name=OFF
Added Pin To Net: NetName=ON_OFF Pin=LED6-1
Added Pin To Net: NetName=ON_OFF Pin=R6-2
Added Net: Name=ON_OFF
Added Pin To Net: NetName=R1 Pin=A1-A0
Added Pin To Net: NetName=R1 Pin=SW1-1
Added Pin To Net: NetName=R1 Pin=SW2-1
Added Net: Name=R1
Added Pin To Net: NetName=R2 Pin=A1-A1
Added Pin To Net: NetName=R2 Pin=SW3-1
Added Pin To Net: NetName=R2 Pin=SW4-1
Added Net: Name=R2
Added Pin To Net: NetName=R3 Pin=A1-A2
Added Pin To Net: NetName=R3 Pin=SW5-1
Added Pin To Net: NetName=R3 Pin=SW6-1
Added Net: Name=R3
Added Pin To Net: NetName=R4 Pin=A1-A3
Added Pin To Net: NetName=R4 Pin=SW7-1
Added Pin To Net: NetName=R4 Pin=SW8-1
Added Net: Name=R4
Added Pin To Net: NetName=RCLK2 Pin=A1-D11
Added Net: Name=RCLK2
Added Pin To Net: NetName=RCLK Pin=A1-D3
Added Net: Name=RCLK
Added Pin To Net: NetName=RX Pin=A1-D0
Added Net: Name=RX
Added Pin To Net: NetName=SCLK2 Pin=A1-D12
Added Net: Name=SCLK2
Added Pin To Net: NetName=SCLK Pin=A1-D4
Added Net: Name=SCLK
Added Pin To Net: NetName=START Pin=LED2-1
Added Pin To Net: NetName=START Pin=R4-2
Added Net: Name=START
Added Pin To Net: NetName=STOP Pin=LED4-1
Added Pin To Net: NetName=STOP Pin=R5-2
Added Net: Name=STOP
Added Pin To Net: NetName=TE1 Pin=A1-D7
Added Pin To Net: NetName=TE1 Pin=IC1-12
Added Net: Name=TE1
Added Pin To Net: NetName=TE2 Pin=A1-D8
Added Pin To Net: NetName=TE2 Pin=IC1-9
Added Net: Name=TE2
Added Pin To Net: NetName=TE3 Pin=A1-D9
Added Pin To Net: NetName=TE3 Pin=IC1-8
Added Net: Name=TE3
Added Pin To Net: NetName=TEMP Pin=LED1-1
Added Pin To Net: NetName=TEMP Pin=R1-2
Added Net: Name=TEMP
Added Pin To Net: NetName=TI1 Pin=A1-D5
Added Net: Name=TI1
Added Pin To Net: NetName=TI2 Pin=A1-D6
Added Net: Name=TI2
Added Pin To Net: NetName=TIME Pin=LED3-1
Added Pin To Net: NetName=TIME Pin=R2-2
Added Net: Name=TIME
Added Pin To Net: NetName=TX Pin=A1-D1
Added Net: Name=TX
Added Class: Name=SCH_SteamShower
Added Room: Name=SCH_SteamShower
