Removed Pin From Net: NetName=3.3V Pin=*-1
Removed Pin From Net: NetName=3.3V Pin=*-1
Removed Pin From Net: NetName=3.3V Pin=*-1
Removed Pin From Net: NetName=3.3V Pin=*-1
Removed Pin From Net: NetName=ADC1 Pin=*-2
Removed Pin From Net: NetName=ADC2 Pin=*-2
Removed Pin From Net: NetName=ADC3 Pin=*-2
Removed Pin From Net: NetName=ADC4 Pin=*-2
Removed Pin From Net: NetName=ADC1 Pin=JP1-1
Removed Pin From Net: NetName=ADC2 Pin=JP1-2
Removed Pin From Net: NetName=ADC3 Pin=JP1-3
Removed Pin From Net: NetName=ADC4 Pin=JP1-4
Removed Pin From Net: NetName=GND Pin=JP1-5
Removed Pin From Net: NetName=3.3V Pin=JP1-6
Removed Pin From Net: NetName=GND Pin=R1-1
Removed Pin From Net: NetName=3.3V Pin=R1-2
Removed Pin From Net: NetName=GND Pin=R2-1
Removed Pin From Net: NetName=3.3V Pin=R2-2
Removed Pin From Net: NetName=GND Pin=R3-1
Removed Pin From Net: NetName=3.3V Pin=R3-2
Removed Pin From Net: NetName=GND Pin=R4-1
Removed Pin From Net: NetName=3.3V Pin=R4-2
Removed Pin From Net: NetName=GND Pin=R5-1
Removed Pin From Net: NetName=ADC1 Pin=R5-2
Removed Pin From Net: NetName=GND Pin=R6-1
Removed Pin From Net: NetName=ADC2 Pin=R6-2
Removed Pin From Net: NetName=GND Pin=R7-1
Removed Pin From Net: NetName=ADC3 Pin=R7-2
Removed Pin From Net: NetName=GND Pin=R8-1
Removed Pin From Net: NetName=ADC4 Pin=R8-2
Added Room: Name=SkyWindow_SCH
