Added Component: Designator=*(jump don duc_2p)
Added Component: Designator=*(jump don duc_2p)
Added Component: Designator=*(jump don duc_2p)
Added Component: Designator=*(jump don duc_2p)
Added Component: Designator=J1(JP4)
Added Component: Designator=J2(HANDSON_KF301-2P)
Added Component: Designator=J3(HANDSON_KF301-2P)
Added Component: Designator=J4(JP4)
Added Component: Designator=JP1(JP6)
Added Component: Designator=JP2(JP6)
Added Component: Designator=R1(tro vach 1/4w)
Added Component: Designator=R2(tro vach 1/4w)
Added Component: Designator=R3(tro vach 1/4w)
Added Component: Designator=R4(tro vach 1/4w)
Added Component: Designator=R5(tro vach 1/4w)
Added Component: Designator=R6(tro vach 1/4w)
Added Component: Designator=R7(tro vach 1/4w)
Added Component: Designator=R8(tro vach 1/4w)
Added Component: Designator=SW1(SW2)
Added Component: Designator=SW2(SW2)
Added Component: Designator=U1(MODULE_ESP32_DEVKIT_V1)
Added Component: Designator=U2(MODULE_A4988_STEPPER_MOTOR_DRIVER_CARRIER)
Added Pin To Net: NetName=3.3V Pin=*-1
Added Pin To Net: NetName=3.3V Pin=*-1
Added Pin To Net: NetName=3.3V Pin=*-1
Added Pin To Net: NetName=3.3V Pin=*-1
Added Pin To Net: NetName=3.3V Pin=JP1-6
Added Pin To Net: NetName=3.3V Pin=JP2-6
Added Pin To Net: NetName=3.3V Pin=R1-2
Added Pin To Net: NetName=3.3V Pin=R2-2
Added Pin To Net: NetName=3.3V Pin=R3-2
Added Pin To Net: NetName=3.3V Pin=R4-2
Added Pin To Net: NetName=3.3V Pin=U1-1
Added Net: Name=3.3V
Added Pin To Net: NetName=5V Pin=J3-1
Added Pin To Net: NetName=5V Pin=U1-30
Added Pin To Net: NetName=5V Pin=U2-10
Added Net: Name=5V
Added Pin To Net: NetName=12V Pin=J2-1
Added Pin To Net: NetName=12V Pin=U2-16
Added Net: Name=12V
Added Pin To Net: NetName=ADC1 Pin=*-2
Added Pin To Net: NetName=ADC1 Pin=JP1-1
Added Pin To Net: NetName=ADC1 Pin=JP2-1
Added Pin To Net: NetName=ADC1 Pin=R5-2
Added Pin To Net: NetName=ADC1 Pin=U1-23
Added Net: Name=ADC1
Added Pin To Net: NetName=ADC2 Pin=*-2
Added Pin To Net: NetName=ADC2 Pin=JP1-2
Added Pin To Net: NetName=ADC2 Pin=JP2-2
Added Pin To Net: NetName=ADC2 Pin=R6-2
Added Pin To Net: NetName=ADC2 Pin=U1-24
Added Net: Name=ADC2
Added Pin To Net: NetName=ADC3 Pin=*-2
Added Pin To Net: NetName=ADC3 Pin=JP1-3
Added Pin To Net: NetName=ADC3 Pin=JP2-3
Added Pin To Net: NetName=ADC3 Pin=R7-2
Added Pin To Net: NetName=ADC3 Pin=U1-25
Added Net: Name=ADC3
Added Pin To Net: NetName=ADC4 Pin=*-2
Added Pin To Net: NetName=ADC4 Pin=JP1-4
Added Pin To Net: NetName=ADC4 Pin=JP2-4
Added Pin To Net: NetName=ADC4 Pin=R8-2
Added Pin To Net: NetName=ADC4 Pin=U1-26
Added Net: Name=ADC4
Added Pin To Net: NetName=BTN1 Pin=SW1-2
Added Pin To Net: NetName=BTN1 Pin=U1-21
Added Net: Name=BTN1
Added Pin To Net: NetName=BTN2 Pin=SW2-2
Added Pin To Net: NetName=BTN2 Pin=U1-22
Added Net: Name=BTN2
Added Pin To Net: NetName=DIR Pin=U1-7
Added Pin To Net: NetName=DIR Pin=U2-8
Added Net: Name=DIR
Added Pin To Net: NetName=EN Pin=U1-8
Added Pin To Net: NetName=EN Pin=U2-1
Added Net: Name=EN
Added Pin To Net: NetName=GNDMOT Pin=J2-2
Added Pin To Net: NetName=GNDMOT Pin=U2-15
Added Net: Name=GNDMOT
Added Pin To Net: NetName=GND Pin=J1-1
Added Pin To Net: NetName=GND Pin=J3-2
Added Pin To Net: NetName=GND Pin=JP1-5
Added Pin To Net: NetName=GND Pin=JP2-5
Added Pin To Net: NetName=GND Pin=R1-1
Added Pin To Net: NetName=GND Pin=R2-1
Added Pin To Net: NetName=GND Pin=R3-1
Added Pin To Net: NetName=GND Pin=R4-1
Added Pin To Net: NetName=GND Pin=R5-1
Added Pin To Net: NetName=GND Pin=R6-1
Added Pin To Net: NetName=GND Pin=R7-1
Added Pin To Net: NetName=GND Pin=R8-1
Added Pin To Net: NetName=GND Pin=SW1-1
Added Pin To Net: NetName=GND Pin=SW2-1
Added Pin To Net: NetName=GND Pin=U1-29
Added Pin To Net: NetName=GND Pin=U2-2
Added Pin To Net: NetName=GND Pin=U2-3
Added Pin To Net: NetName=GND Pin=U2-4
Added Pin To Net: NetName=GND Pin=U2-9
Added Net: Name=GND
Added Pin To Net: NetName=NetJ4_1 Pin=J4-1
Added Pin To Net: NetName=NetJ4_1 Pin=U2-12
Added Net: Name=NetJ4_1
Added Pin To Net: NetName=NetJ4_2 Pin=J4-2
Added Pin To Net: NetName=NetJ4_2 Pin=U2-11
Added Net: Name=NetJ4_2
Added Pin To Net: NetName=NetJ4_3 Pin=J4-3
Added Pin To Net: NetName=NetJ4_3 Pin=U2-13
Added Net: Name=NetJ4_3
Added Pin To Net: NetName=NetJ4_4 Pin=J4-4
Added Pin To Net: NetName=NetJ4_4 Pin=U2-14
Added Net: Name=NetJ4_4
Added Pin To Net: NetName=NetU2_5 Pin=U2-5
Added Pin To Net: NetName=NetU2_5 Pin=U2-6
Added Net: Name=NetU2_5
Added Pin To Net: NetName=SCL Pin=J1-4
Added Pin To Net: NetName=SCL Pin=U1-14
Added Net: Name=SCL
Added Pin To Net: NetName=SDA Pin=J1-3
Added Pin To Net: NetName=SDA Pin=U1-11
Added Net: Name=SDA
Added Pin To Net: NetName=STEP Pin=U1-6
Added Pin To Net: NetName=STEP Pin=U2-7
Added Net: Name=STEP
Added Pin To Net: NetName=VCC Pin=J1-2
Added Net: Name=VCC
Added Class: Name=LightSensor_SCH
Added Class: Name=SkyWindow_SCH
Added Room: Name=LightSensor_SCH
Added Room: Name=SkyWindow_SCH
